<?xml version="1.0" encoding="UTF-8"?>
<testsuite xmlns:xsi="http://www.w3.org/2001/XMLSchema-instance" xsi:noNamespaceSchemaLocation="https://maven.apache.org/surefire/maven-surefire-plugin/xsd/surefire-test-report.xsd" name="models.LoanTest" time="0" tests="1" errors="0" skipped="0" failures="0">
  <properties>
    <property name="java.specification.version" value="17"/>
    <property name="sun.cpu.isalist" value="amd64"/>
    <property name="sun.jnu.encoding" value="UTF-8"/>
    <property name="java.class.path" value="C:\yrgo\utvecklingsverktyg\library\tomas_inl2_maven\library\target\test-classes;C:\yrgo\utvecklingsverktyg\library\tomas_inl2_maven\library\target\classes;C:\Users\nordi\.m2\repository\org\junit\jupiter\junit-jupiter-api\5.9.1\junit-jupiter-api-5.9.1.jar;C:\Users\nordi\.m2\repository\org\opentest4j\opentest4j\1.2.0\opentest4j-1.2.0.jar;C:\Users\nordi\.m2\repository\org\junit\platform\junit-platform-commons\1.9.1\junit-platform-commons-1.9.1.jar;C:\Users\nordi\.m2\repository\org\apiguardian\apiguardian-api\1.1.2\apiguardian-api-1.1.2.jar;C:\Users\nordi\.m2\repository\org\junit\jupiter\junit-jupiter-engine\5.9.1\junit-jupiter-engine-5.9.1.jar;C:\Users\nordi\.m2\repository\org\junit\platform\junit-platform-engine\1.9.1\junit-platform-engine-1.9.1.jar;"/>
    <property name="java.vm.vendor" value="Eclipse Adoptium"/>
    <property name="sun.arch.data.model" value="64"/>
    <property name="user.variant" value=""/>
    <property name="java.vendor.url" value="https://adoptium.net/"/>
    <property name="user.timezone" value="Europe/Stockholm"/>
    <property name="os.name" value="Windows 11"/>
    <property name="java.vm.specification.version" value="17"/>
    <property name="sun.java.launcher" value="SUN_STANDARD"/>
    <property name="user.country" value="SE"/>
    <property name="sun.boot.library.path" value="C:\Program Files\Eclipse Adoptium\jdk-17.0.8.101-hotspot\bin"/>
    <property name="sun.java.command" value="C:\Users\nordi\AppData\Local\Temp\surefire17719336059030127173\surefirebooter2863906216750406701.jar C:\Users\nordi\AppData\Local\Temp\surefire17719336059030127173 2024-02-01T10-12-08_828-jvmRun1 surefire2551391057425562539tmp surefire_09951526175265604886tmp"/>
    <property name="jdk.debug" value="release"/>
    <property name="surefire.test.class.path" value="C:\yrgo\utvecklingsverktyg\library\tomas_inl2_maven\library\target\test-classes;C:\yrgo\utvecklingsverktyg\library\tomas_inl2_maven\library\target\classes;C:\Users\nordi\.m2\repository\org\junit\jupiter\junit-jupiter-api\5.9.1\junit-jupiter-api-5.9.1.jar;C:\Users\nordi\.m2\repository\org\opentest4j\opentest4j\1.2.0\opentest4j-1.2.0.jar;C:\Users\nordi\.m2\repository\org\junit\platform\junit-platform-commons\1.9.1\junit-platform-commons-1.9.1.jar;C:\Users\nordi\.m2\repository\org\apiguardian\apiguardian-api\1.1.2\apiguardian-api-1.1.2.jar;C:\Users\nordi\.m2\repository\org\junit\jupiter\junit-jupiter-engine\5.9.1\junit-jupiter-engine-5.9.1.jar;C:\Users\nordi\.m2\repository\org\junit\platform\junit-platform-engine\1.9.1\junit-platform-engine-1.9.1.jar;"/>
    <property name="sun.cpu.endian" value="little"/>
    <property name="user.home" value="C:\Users\nordi"/>
    <property name="user.language" value="sv"/>
    <property name="java.specification.vendor" value="Oracle Corporation"/>
    <property name="java.version.date" value="2023-08-24"/>
    <property name="java.home" value="C:\Program Files\Eclipse Adoptium\jdk-17.0.8.101-hotspot"/>
    <property name="file.separator" value="\"/>
    <property name="basedir" value="C:\yrgo\utvecklingsverktyg\library\tomas_inl2_maven\library"/>
    <property name="java.vm.compressedOopsMode" value="Zero based"/>
    <property name="line.separator" value="&#10;"/>
    <property name="java.vm.specification.vendor" value="Oracle Corporation"/>
    <property name="java.specification.name" value="Java Platform API Specification"/>
    <property name="surefire.real.class.path" value="C:\Users\nordi\AppData\Local\Temp\surefire17719336059030127173\surefirebooter2863906216750406701.jar"/>
    <property name="user.script" value=""/>
    <property name="sun.management.compiler" value="HotSpot 64-Bit Tiered Compilers"/>
    <property name="java.runtime.version" value="17.0.8.1+1"/>
    <property name="user.name" value="nordi"/>
    <property name="path.separator" value=";"/>
    <property name="os.version" value="10.0"/>
    <property name="java.runtime.name" value="OpenJDK Runtime Environment"/>
    <property name="file.encoding" value="UTF-8"/>
    <property name="java.vm.name" value="OpenJDK 64-Bit Server VM"/>
    <property name="java.vendor.version" value="Temurin-17.0.8.1+1"/>
    <property name="localRepository" value="C:\Users\nordi\.m2\repository"/>
    <property name="java.vendor.url.bug" value="https://github.com/adoptium/adoptium-support/issues"/>
    <property name="java.io.tmpdir" value="C:\Users\nordi\AppData\Local\Temp\"/>
    <property name="idea.version" value="2023.3.2"/>
    <property name="java.version" value="17.0.8.1"/>
    <property name="user.dir" value="C:\yrgo\utvecklingsverktyg\library\tomas_inl2_maven\library"/>
    <property name="os.arch" value="amd64"/>
    <property name="java.vm.specification.name" value="Java Virtual Machine Specification"/>
    <property name="sun.os.patch.level" value=""/>
    <property name="native.encoding" value="UTF-8"/>
    <property name="java.library.path" value="C:\Program Files\Eclipse Adoptium\jdk-17.0.8.101-hotspot\bin;C:\Windows\Sun\Java\bin;C:\Windows\system32;C:\Windows;C:\Program Files\Eclipse Adoptium\jdk-17.0.8.101-hotspot\bin;C:\Windows\system32;C:\Windows;C:\Windows\System32\Wbem;C:\Windows\System32\WindowsPowerShell\v1.0\;C:\Windows\System32\OpenSSH\;C:\Program Files\Git\cmd;C:\Program Files\Docker\Docker\resources\bin;C:\Program Files\Azure Data Studio\bin;C:\Program Files\dotnet\;C:\Users\nordi\AppData\Local\Microsoft\WindowsApps;C:\Users\nordi\AppData\Local\Programs\Microsoft VS Code\bin;C:\Program Files\JetBrains\IntelliJ IDEA 2023.2.5\bin;;C:\Program Files\Azure Data Studio\bin;C:\Users\nordi\Downloads\apache-maven-3.9.6-bin.zip\apache-maven-3.9.6\bin;C:\maven\apache-maven-3.9.6\bin;C:\Users\nordi\.dotnet\tools;C:\Users\nordi\AppData\Local\GitHubDesktop\bin;C:\gradle-8.5\bin;;."/>
    <property name="java.vm.info" value="mixed mode, sharing"/>
    <property name="java.vendor" value="Eclipse Adoptium"/>
    <property name="java.vm.version" value="17.0.8.1+1"/>
    <property name="sun.io.unicode.encoding" value="UnicodeLittle"/>
    <property name="java.class.version" value="61.0"/>
  </properties>
  <testcase name="testDueDate" classname="models.LoanTest" time="0"/>
</testsuite>